<?xml version="1.0" encoding="UTF-8"?>
<!-- Generated by org.testng.reporters.JUnitReportReporter -->
<testsuite hostname="LAPTOP-JK7K9216" failures="0" tests="1" name="guru99_Bank.LoginPage_Script" time="6.984" errors="0" timestamp="2024-06-16T15:28:30 EDT" skipped="0">
  <testcase classname="guru99_Bank.LoginPage_Script" name="TC_001" time="6.984"/>
</testsuite> <!-- guru99_Bank.LoginPage_Script -->
